<?xml version='1.0' encoding='UTF-8'?>
<testsuite hostname="DESKTOP-P12QIA4" name="ParserTest" tests="13" errors="0" failures="0" skipped="0" time="0.192">
                     <properties>
[...]
</properties>
                     <testcase classname="ParserTest" name="There are 10 same polls should be created" time="0.082">
                                                 
                                               </testcase><testcase classname="ParserTest" name="There are 10 same polls should be deleted" time="0.016">
                                                 
                                               </testcase><testcase classname="ParserTest" name="There is list with no sets should be compared" time="0.047">
                                                 
                                               </testcase><testcase classname="ParserTest" name="There is list with visibility set should be compared" time="0.0">
                                                 
                                               </testcase><testcase classname="ParserTest" name="There is list with anonymity set should be compared" time="0.0">
                                                 
                                               </testcase><testcase classname="ParserTest" name="There is list with visibility and anonymity sets should be compared" time="0.0">
                                                 
                                               </testcase><testcase classname="ParserTest" name="There is trying to delete uncreated polls should be exception" time="0.0">
                                                 
                                               </testcase><testcase classname="ParserTest" name="There is trying to start uncreated polls should be exception" time="0.016">
                                                 
                                               </testcase><testcase classname="ParserTest" name="There is trying to start created polls should be exception" time="0.0">
                                                 
                                               </testcase><testcase classname="ParserTest" name="There is trying to stop uncreated polls should be exception" time="0.015">
                                                 
                                               </testcase><testcase classname="ParserTest" name="There is trying to stop created polls should be exception" time="0.0">
                                                 
                                               </testcase><testcase classname="ParserTest" name="There is trying to get result from uncreated polls should be exception" time="0.016">
                                                 
                                               </testcase><testcase classname="ParserTest" name="There is trying to check any bad commands should be message about bat command" time="0.0">
                                                 
                                               </testcase>
                     <system-out><![CDATA[]]></system-out>
                     <system-err><![CDATA[]]></system-err>
                   </testsuite>